{"name":"createNewRegisterTest","status":"passed","statusDetails":{"known":false,"muted":false,"flaky":false},"stage":"finished","steps":[{"name":"enterning the data into registration form","status":"passed","stage":"finished","steps":[{"name":"getting tht element with : By.xpath: (//input[@name='Gender'])[1]","status":"passed","stage":"finished","steps":[],"attachments":[],"parameters":[{"name":"locator","value":"By.xpath: (//input[@name='Gender'])[1]"}],"start":1578244863035,"stop":1578244863071},{"name":"getting tht element with : By.id: FirstName","status":"passed","stage":"finished","steps":[],"attachments":[],"parameters":[{"name":"locator","value":"By.id: FirstName"}],"start":1578244863149,"stop":1578244863189},{"name":"getting tht element with : By.id: LastName","status":"passed","stage":"finished","steps":[],"attachments":[],"parameters":[{"name":"locator","value":"By.id: LastName"}],"start":1578244863523,"stop":1578244863557},{"name":"getting tht element with : By.id: Email","status":"passed","stage":"finished","steps":[],"attachments":[],"parameters":[{"name":"locator","value":"By.id: Email"}],"start":1578244863717,"stop":1578244863758},{"name":"getting tht element with : By.id: Password","status":"passed","stage":"finished","steps":[],"attachments":[],"parameters":[{"name":"locator","value":"By.id: Password"}],"start":1578244864011,"stop":1578244864045},{"name":"getting tht element with : By.id: ConfirmPassword","status":"passed","stage":"finished","steps":[],"attachments":[],"parameters":[{"name":"locator","value":"By.id: ConfirmPassword"}],"start":1578244864334,"stop":1578244864379},{"name":"getting tht element with : By.id: register-button","status":"passed","stage":"finished","steps":[],"attachments":[],"parameters":[{"name":"locator","value":"By.id: register-button"}],"start":1578244864690,"stop":1578244864725},{"name":"getting tht element with : By.xpath: //input[@value='Continue']","status":"broken","statusDetails":{"known":false,"muted":false,"flaky":false,"message":"Expected condition failed: waiting for presence of element located by: By.xpath: //input[@value='Continue'] (tried for 15 second(s) with 500 milliseconds interval)","trace":"org.openqa.selenium.TimeoutException: Expected condition failed: waiting for presence of element located by: By.xpath: //input[@value='Continue'] (tried for 15 second(s) with 500 milliseconds interval)\r\n\tat org.openqa.selenium.support.ui.WebDriverWait.timeoutException(WebDriverWait.java:95)\r\n\tat org.openqa.selenium.support.ui.FluentWait.until(FluentWait.java:272)\r\n\tat com.qa.demowebshop.util.ElementUtil.waitForElementPresent(ElementUtil.java:89)\r\n\tat com.qa.demowebshop.util.ElementUtil.getElement(ElementUtil.java:45)\r\n\tat com.qa.demowebshop.util.ElementUtil.doClick(ElementUtil.java:34)\r\n\tat com.qa.demowebshop.pages.RegistrationPage.createNewRegistration(RegistrationPage.java:80)\r\n\tat com.qa.demowebshop.tests.RegistrationPageTest.createNewRegisterTest(RegistrationPageTest.java:73)\r\n\tat sun.reflect.NativeMethodAccessorImpl.invoke0(Native Method)\r\n\tat sun.reflect.NativeMethodAccessorImpl.invoke(NativeMethodAccessorImpl.java:62)\r\n\tat sun.reflect.DelegatingMethodAccessorImpl.invoke(DelegatingMethodAccessorImpl.java:43)\r\n\tat java.lang.reflect.Method.invoke(Method.java:498)\r\n\tat org.testng.internal.MethodInvocationHelper.invokeMethod(MethodInvocationHelper.java:124)\r\n\tat org.testng.internal.Invoker.invokeMethod(Invoker.java:583)\r\n\tat org.testng.internal.Invoker.invokeTestMethod(Invoker.java:719)\r\n\tat org.testng.internal.Invoker.invokeTestMethods(Invoker.java:989)\r\n\tat org.testng.internal.TestMethodWorker.invokeTestMethods(TestMethodWorker.java:125)\r\n\tat org.testng.internal.TestMethodWorker.run(TestMethodWorker.java:109)\r\n\tat org.testng.TestRunner.privateRun(TestRunner.java:648)\r\n\tat org.testng.TestRunner.run(TestRunner.java:505)\r\n\tat org.testng.SuiteRunner.runTest(SuiteRunner.java:455)\r\n\tat org.testng.SuiteRunner.runSequentially(SuiteRunner.java:450)\r\n\tat org.testng.SuiteRunner.privateRun(SuiteRunner.java:415)\r\n\tat org.testng.SuiteRunner.run(SuiteRunner.java:364)\r\n\tat org.testng.SuiteRunnerWorker.runSuite(SuiteRunnerWorker.java:52)\r\n\tat org.testng.SuiteRunnerWorker.run(SuiteRunnerWorker.java:84)\r\n\tat org.testng.TestNG.runSuitesSequentially(TestNG.java:1208)\r\n\tat org.testng.TestNG.runSuitesLocally(TestNG.java:1137)\r\n\tat org.testng.TestNG.runSuites(TestNG.java:1049)\r\n\tat org.testng.TestNG.run(TestNG.java:1017)\r\n\tat org.apache.maven.surefire.testng.TestNGExecutor.run(TestNGExecutor.java:283)\r\n\tat org.apache.maven.surefire.testng.TestNGXmlTestSuite.execute(TestNGXmlTestSuite.java:75)\r\n\tat org.apache.maven.surefire.testng.TestNGProvider.invoke(TestNGProvider.java:120)\r\n\tat org.apache.maven.surefire.booter.ForkedBooter.invokeProviderInSameClassLoader(ForkedBooter.java:386)\r\n\tat org.apache.maven.surefire.booter.ForkedBooter.runSuitesInProcess(ForkedBooter.java:323)\r\n\tat org.apache.maven.surefire.booter.ForkedBooter.main(ForkedBooter.java:143)\r\nCaused by: org.openqa.selenium.NoSuchElementException: no such element: Unable to locate element: {\"method\":\"xpath\",\"selector\":\"//input[@value='Continue']\"}\n  (Session info: chrome=79.0.3945.88)\nFor documentation on this error, please visit: https://www.seleniumhq.org/exceptions/no_such_element.html\nBuild info: version: '3.141.59', revision: 'e82be7d358', time: '2018-11-14T08:17:03'\nSystem info: host: 'DESKTOP-05KEVR3', ip: '192.168.1.225', os.name: 'Windows 10', os.arch: 'x86', os.version: '10.0', java.version: '1.8.0_192'\nDriver info: org.openqa.selenium.chrome.ChromeDriver\nCapabilities {acceptInsecureCerts: false, browserName: chrome, browserVersion: 79.0.3945.88, chrome: {chromedriverVersion: 79.0.3945.36 (3582db32b3389..., userDataDir: C:\\Windows\\TEMP\\scoped_dir1...}, goog:chromeOptions: {debuggerAddress: localhost:62618}, javascriptEnabled: true, networkConnectionEnabled: false, pageLoadStrategy: normal, platform: WINDOWS, platformName: WINDOWS, proxy: Proxy(), setWindowRect: true, strictFileInteractability: false, timeouts: {implicit: 0, pageLoad: 300000, script: 30000}, unhandledPromptBehavior: dismiss and notify}\nSession ID: 207928df13cca36c24bde7cfb3c754e0\n*** Element info: {Using=xpath, value=//input[@value='Continue']}\r\n\tat sun.reflect.GeneratedConstructorAccessor16.newInstance(Unknown Source)\r\n\tat sun.reflect.DelegatingConstructorAccessorImpl.newInstance(DelegatingConstructorAccessorImpl.java:45)\r\n\tat java.lang.reflect.Constructor.newInstance(Constructor.java:423)\r\n\tat org.openqa.selenium.remote.http.W3CHttpResponseCodec.createException(W3CHttpResponseCodec.java:187)\r\n\tat org.openqa.selenium.remote.http.W3CHttpResponseCodec.decode(W3CHttpResponseCodec.java:122)\r\n\tat org.openqa.selenium.remote.http.W3CHttpResponseCodec.decode(W3CHttpResponseCodec.java:49)\r\n\tat org.openqa.selenium.remote.HttpCommandExecutor.execute(HttpCommandExecutor.java:158)\r\n\tat org.openqa.selenium.remote.service.DriverCommandExecutor.execute(DriverCommandExecutor.java:83)\r\n\tat org.openqa.selenium.remote.RemoteWebDriver.execute(RemoteWebDriver.java:552)\r\n\tat org.openqa.selenium.remote.RemoteWebDriver.findElement(RemoteWebDriver.java:323)\r\n\tat org.openqa.selenium.remote.RemoteWebDriver.findElementByXPath(RemoteWebDriver.java:428)\r\n\tat org.openqa.selenium.By$ByXPath.findElement(By.java:353)\r\n\tat org.openqa.selenium.remote.RemoteWebDriver.findElement(RemoteWebDriver.java:315)\r\n\tat org.openqa.selenium.support.ui.ExpectedConditions$6.apply(ExpectedConditions.java:182)\r\n\tat org.openqa.selenium.support.ui.ExpectedConditions$6.apply(ExpectedConditions.java:179)\r\n\tat org.openqa.selenium.support.ui.FluentWait.until(FluentWait.java:249)\r\n\t... 33 more\r\n"},"stage":"finished","steps":[],"attachments":[],"parameters":[{"name":"locator","value":"By.xpath: //input[@value='Continue']"}],"start":1578244865731,"stop":1578244880802},{"name":"getting tht element with : By.xpath: //a[text()='Log out']","status":"broken","statusDetails":{"known":false,"muted":false,"flaky":false,"message":"Expected condition failed: waiting for presence of element located by: By.xpath: //a[text()='Log out'] (tried for 15 second(s) with 500 milliseconds interval)","trace":"org.openqa.selenium.TimeoutException: Expected condition failed: waiting for presence of element located by: By.xpath: //a[text()='Log out'] (tried for 15 second(s) with 500 milliseconds interval)\r\n\tat org.openqa.selenium.support.ui.WebDriverWait.timeoutException(WebDriverWait.java:95)\r\n\tat org.openqa.selenium.support.ui.FluentWait.until(FluentWait.java:272)\r\n\tat com.qa.demowebshop.util.ElementUtil.waitForElementPresent(ElementUtil.java:89)\r\n\tat com.qa.demowebshop.util.ElementUtil.getElement(ElementUtil.java:45)\r\n\tat com.qa.demowebshop.util.ElementUtil.doClick(ElementUtil.java:34)\r\n\tat com.qa.demowebshop.pages.RegistrationPage.createNewRegistration(RegistrationPage.java:81)\r\n\tat com.qa.demowebshop.tests.RegistrationPageTest.createNewRegisterTest(RegistrationPageTest.java:73)\r\n\tat sun.reflect.NativeMethodAccessorImpl.invoke0(Native Method)\r\n\tat sun.reflect.NativeMethodAccessorImpl.invoke(NativeMethodAccessorImpl.java:62)\r\n\tat sun.reflect.DelegatingMethodAccessorImpl.invoke(DelegatingMethodAccessorImpl.java:43)\r\n\tat java.lang.reflect.Method.invoke(Method.java:498)\r\n\tat org.testng.internal.MethodInvocationHelper.invokeMethod(MethodInvocationHelper.java:124)\r\n\tat org.testng.internal.Invoker.invokeMethod(Invoker.java:583)\r\n\tat org.testng.internal.Invoker.invokeTestMethod(Invoker.java:719)\r\n\tat org.testng.internal.Invoker.invokeTestMethods(Invoker.java:989)\r\n\tat org.testng.internal.TestMethodWorker.invokeTestMethods(TestMethodWorker.java:125)\r\n\tat org.testng.internal.TestMethodWorker.run(TestMethodWorker.java:109)\r\n\tat org.testng.TestRunner.privateRun(TestRunner.java:648)\r\n\tat org.testng.TestRunner.run(TestRunner.java:505)\r\n\tat org.testng.SuiteRunner.runTest(SuiteRunner.java:455)\r\n\tat org.testng.SuiteRunner.runSequentially(SuiteRunner.java:450)\r\n\tat org.testng.SuiteRunner.privateRun(SuiteRunner.java:415)\r\n\tat org.testng.SuiteRunner.run(SuiteRunner.java:364)\r\n\tat org.testng.SuiteRunnerWorker.runSuite(SuiteRunnerWorker.java:52)\r\n\tat org.testng.SuiteRunnerWorker.run(SuiteRunnerWorker.java:84)\r\n\tat org.testng.TestNG.runSuitesSequentially(TestNG.java:1208)\r\n\tat org.testng.TestNG.runSuitesLocally(TestNG.java:1137)\r\n\tat org.testng.TestNG.runSuites(TestNG.java:1049)\r\n\tat org.testng.TestNG.run(TestNG.java:1017)\r\n\tat org.apache.maven.surefire.testng.TestNGExecutor.run(TestNGExecutor.java:283)\r\n\tat org.apache.maven.surefire.testng.TestNGXmlTestSuite.execute(TestNGXmlTestSuite.java:75)\r\n\tat org.apache.maven.surefire.testng.TestNGProvider.invoke(TestNGProvider.java:120)\r\n\tat org.apache.maven.surefire.booter.ForkedBooter.invokeProviderInSameClassLoader(ForkedBooter.java:386)\r\n\tat org.apache.maven.surefire.booter.ForkedBooter.runSuitesInProcess(ForkedBooter.java:323)\r\n\tat org.apache.maven.surefire.booter.ForkedBooter.main(ForkedBooter.java:143)\r\nCaused by: org.openqa.selenium.NoSuchElementException: no such element: Unable to locate element: {\"method\":\"xpath\",\"selector\":\"//a[text()='Log out']\"}\n  (Session info: chrome=79.0.3945.88)\nFor documentation on this error, please visit: https://www.seleniumhq.org/exceptions/no_such_element.html\nBuild info: version: '3.141.59', revision: 'e82be7d358', time: '2018-11-14T08:17:03'\nSystem info: host: 'DESKTOP-05KEVR3', ip: '192.168.1.225', os.name: 'Windows 10', os.arch: 'x86', os.version: '10.0', java.version: '1.8.0_192'\nDriver info: org.openqa.selenium.chrome.ChromeDriver\nCapabilities {acceptInsecureCerts: false, browserName: chrome, browserVersion: 79.0.3945.88, chrome: {chromedriverVersion: 79.0.3945.36 (3582db32b3389..., userDataDir: C:\\Windows\\TEMP\\scoped_dir1...}, goog:chromeOptions: {debuggerAddress: localhost:62618}, javascriptEnabled: true, networkConnectionEnabled: false, pageLoadStrategy: normal, platform: WINDOWS, platformName: WINDOWS, proxy: Proxy(), setWindowRect: true, strictFileInteractability: false, timeouts: {implicit: 0, pageLoad: 300000, script: 30000}, unhandledPromptBehavior: dismiss and notify}\nSession ID: 207928df13cca36c24bde7cfb3c754e0\n*** Element info: {Using=xpath, value=//a[text()='Log out']}\r\n\tat sun.reflect.GeneratedConstructorAccessor16.newInstance(Unknown Source)\r\n\tat sun.reflect.DelegatingConstructorAccessorImpl.newInstance(DelegatingConstructorAccessorImpl.java:45)\r\n\tat java.lang.reflect.Constructor.newInstance(Constructor.java:423)\r\n\tat org.openqa.selenium.remote.http.W3CHttpResponseCodec.createException(W3CHttpResponseCodec.java:187)\r\n\tat org.openqa.selenium.remote.http.W3CHttpResponseCodec.decode(W3CHttpResponseCodec.java:122)\r\n\tat org.openqa.selenium.remote.http.W3CHttpResponseCodec.decode(W3CHttpResponseCodec.java:49)\r\n\tat org.openqa.selenium.remote.HttpCommandExecutor.execute(HttpCommandExecutor.java:158)\r\n\tat org.openqa.selenium.remote.service.DriverCommandExecutor.execute(DriverCommandExecutor.java:83)\r\n\tat org.openqa.selenium.remote.RemoteWebDriver.execute(RemoteWebDriver.java:552)\r\n\tat org.openqa.selenium.remote.RemoteWebDriver.findElement(RemoteWebDriver.java:323)\r\n\tat org.openqa.selenium.remote.RemoteWebDriver.findElementByXPath(RemoteWebDriver.java:428)\r\n\tat org.openqa.selenium.By$ByXPath.findElement(By.java:353)\r\n\tat org.openqa.selenium.remote.RemoteWebDriver.findElement(RemoteWebDriver.java:315)\r\n\tat org.openqa.selenium.support.ui.ExpectedConditions$6.apply(ExpectedConditions.java:182)\r\n\tat org.openqa.selenium.support.ui.ExpectedConditions$6.apply(ExpectedConditions.java:179)\r\n\tat org.openqa.selenium.support.ui.FluentWait.until(FluentWait.java:249)\r\n\t... 33 more\r\n"},"stage":"finished","steps":[],"attachments":[],"parameters":[{"name":"locator","value":"By.xpath: //a[text()='Log out']"}],"start":1578244880802,"stop":1578244896334},{"name":"getting tht element with : By.xpath: //a[text()='Register']","status":"passed","stage":"finished","steps":[],"attachments":[],"parameters":[{"name":"locator","value":"By.xpath: //a[text()='Register']"}],"start":1578244896334,"stop":1578244896376}],"attachments":[],"parameters":[{"name":"FN","value":"ajit1229"},{"name":"LN","value":"patil"},{"name":"mail","value":"ajitkumarpatsi5l@gmail.com"},{"name":"PWD","value":"patil@070705"},{"name":"CPWD","value":"patil@070705"}],"start":1578244863035,"stop":1578244897548}],"attachments":[],"parameters":[{"name":"arg3","value":"patil@070705"},{"name":"arg2","value":"ajitkumarpatsi5l@gmail.com"},{"name":"arg4","value":"patil@070705"},{"name":"arg1","value":"patil"},{"name":"arg0","value":"ajit1229"}],"start":1578244863035,"stop":1578244897549,"uuid":"62a1731f-627b-4771-af38-4d0296269c48","historyId":"659d60d5f21a3f8bb1418ae7eb067fdc","fullName":"com.qa.demowebshop.tests.RegistrationPageTest.createNewRegisterTest","labels":[{"name":"package","value":"com.qa.demowebshop.tests.RegistrationPageTest"},{"name":"testClass","value":"com.qa.demowebshop.tests.RegistrationPageTest"},{"name":"testMethod","value":"createNewRegisterTest"},{"name":"parentSuite","value":"demo webshop Test Suite"},{"name":"suite","value":"demo webshop sanity Test"},{"name":"subSuite","value":"com.qa.demowebshop.tests.RegistrationPageTest"},{"name":"host","value":"DESKTOP-05KEVR3"},{"name":"thread","value":"2672@DESKTOP-05KEVR3.main(1)"},{"name":"framework","value":"testng"},{"name":"language","value":"java"}],"links":[]}